2013/03/27 18:06:07 [error] [exception.CException] exception 'CException' with message 'CAssetManager.basePath "/var/www/pos-project/source/assets" is invalid. Please make sure the directory exists and is writable by the Web server process.' in /var/www/yii13/framework/web/CAssetManager.php:138
Stack trace:
#0 /var/www/yii13/framework/web/CAssetManager.php(123): CAssetManager->setBasePath('/var/www/pos-pr...')
#1 /var/www/yii13/framework/web/CAssetManager.php(217): CAssetManager->getBasePath()
#2 /var/www/yii13/framework/gii/GiiModule.php(142): CAssetManager->publish('/var/www/yii13/...')
#3 /var/www/yii13/framework/base/CComponent.php(111): GiiModule->getAssetsUrl()
#4 /var/www/yii13/framework/base/CModule.php(105): CComponent->__get('assetsUrl')
#5 /var/www/yii13/framework/gii/views/layouts/main.php(5): CModule->__get('assetsUrl')
#6 /var/www/yii13/framework/web/CBaseController.php(126): require('/var/www/yii13/...')
#7 /var/www/yii13/framework/web/CBaseController.php(95): CBaseController->renderInternal('/var/www/yii13/...', Array, true)
#8 /var/www/yii13/framework/web/widgets/CContentDecorator.php(76): CBaseController->renderFile('/var/www/yii13/...', Array, true)
#9 /var/www/yii13/framework/web/widgets/CContentDecorator.php(54): CContentDecorator->decorate('<div class="con...')
#10 /var/www/yii13/framework/web/widgets/COutputProcessor.php(44): CContentDecorator->processOutput('<div class="con...')
#11 /var/www/yii13/framework/web/CBaseController.php(206): COutputProcessor->run()
#12 /var/www/yii13/framework/web/CBaseController.php(300): CBaseController->endWidget('CContentDecorat...')
#13 /var/www/yii13/framework/gii/views/layouts/column1.php(7): CBaseController->endContent()
#14 /var/www/yii13/framework/web/CBaseController.php(126): require('/var/www/yii13/...')
#15 /var/www/yii13/framework/web/CBaseController.php(95): CBaseController->renderInternal('/var/www/yii13/...', Array, true)
#16 /var/www/yii13/framework/web/CController.php(784): CBaseController->renderFile('/var/www/yii13/...', Array, true)
#17 /var/www/yii13/framework/gii/controllers/DefaultController.php(17): CController->render('index')
#18 /var/www/yii13/framework/web/actions/CInlineAction.php(49): DefaultController->actionIndex()
#19 /var/www/yii13/framework/web/CController.php(308): CInlineAction->runWithParams(Array)
#20 /var/www/yii13/framework/web/CController.php(286): CController->runAction(Object(CInlineAction))
#21 /var/www/yii13/framework/web/CController.php(265): CController->runActionWithFilters(Object(CInlineAction), Array)
#22 /var/www/yii13/framework/web/CWebApplication.php(282): CController->run('')
#23 /var/www/yii13/framework/web/CWebApplication.php(141): CWebApplication->runController('gii')
#24 /var/www/yii13/framework/base/CApplication.php(169): CWebApplication->processRequest()
#25 /var/www/pos-project/source/index.php(13): CApplication->run()
#26 {main}
REQUEST_URI=/pos-project/source/index.php?r=gii
---
2013/03/27 18:43:50 [error] [exception.CHttpException.404] exception 'CHttpException' with message 'Unable to resolve the request "quanlysanpham".' in /var/www/yii13/framework/web/CWebApplication.php:286
Stack trace:
#0 /var/www/yii13/framework/web/CWebApplication.php(141): CWebApplication->runController('quanlysanpham')
#1 /var/www/yii13/framework/base/CApplication.php(169): CWebApplication->processRequest()
#2 /var/www/pos-project/source/index.php(13): CApplication->run()
#3 {main}
REQUEST_URI=/pos-project/source/index.php?r=quanlysanpham
---
2013/03/27 18:43:55 [error] [exception.CHttpException.404] exception 'CHttpException' with message 'Unable to resolve the request "quanlysanpham/Sanphamban".' in /var/www/yii13/framework/web/CWebApplication.php:286
Stack trace:
#0 /var/www/yii13/framework/web/CWebApplication.php(141): CWebApplication->runController('quanlysanpham/S...')
#1 /var/www/yii13/framework/base/CApplication.php(169): CWebApplication->processRequest()
#2 /var/www/pos-project/source/index.php(13): CApplication->run()
#3 {main}
REQUEST_URI=/pos-project/source/index.php?r=quanlysanpham/Sanphamban
---
2013/03/27 18:44:21 [error] [php] include(/var/www/pos-project/source/protected/models/ThongTinSanPham.php): failed to open stream: No such file or directory (/var/www/yii13/framework/YiiBase.php:395)
Stack trace:
#0 /var/www/pos-project/source/protected/modules/quanlysanpham/models/SanPhamBan.php(6): spl_autoload_call()
#1 /var/www/yii13/framework/YiiBase.php(421): include()
#2 unknown(0): autoload()
#3 /var/www/yii13/framework/db/ar/CActiveRecord.php(386): spl_autoload_call()
#4 /var/www/yii13/framework/web/CActiveDataProvider.php(74): model()
#5 /var/www/pos-project/source/protected/modules/quanlysanpham/controllers/SanphambanController.php(72): CActiveDataProvider->__construct()
#6 /var/www/yii13/framework/web/actions/CInlineAction.php(49): SanphambanController->actionIndex()
#7 /var/www/yii13/framework/web/CController.php(308): CInlineAction->runWithParams()
#8 /var/www/yii13/framework/web/CController.php(286): SanphambanController->runAction()
#9 /var/www/yii13/framework/web/CController.php(265): SanphambanController->runActionWithFilters()
#10 /var/www/yii13/framework/web/CWebApplication.php(282): SanphambanController->run()
#11 /var/www/yii13/framework/web/CWebApplication.php(141): CWebApplication->runController()
#12 /var/www/yii13/framework/base/CApplication.php(169): CWebApplication->processRequest()
#13 /var/www/pos-project/source/index.php(13): CWebApplication->run()
REQUEST_URI=/pos-project/source/index.php?r=quanlysanpham/Sanphamban
in /var/www/pos-project/source/protected/modules/quanlysanpham/models/SanPhamBan.php (6)
in /var/www/pos-project/source/protected/modules/quanlysanpham/controllers/SanphambanController.php (72)
in /var/www/pos-project/source/index.php (13)
2013/03/27 18:45:23 [error] [exception.CException] exception 'CException' with message 'CAssetManager.basePath "/var/www/pos-project/source/assets" is invalid. Please make sure the directory exists and is writable by the Web server process.' in /var/www/yii13/framework/web/CAssetManager.php:138
Stack trace:
#0 /var/www/yii13/framework/web/CAssetManager.php(123): CAssetManager->setBasePath('/var/www/pos-pr...')
#1 /var/www/yii13/framework/web/CAssetManager.php(217): CAssetManager->getBasePath()
#2 /var/www/yii13/framework/zii/widgets/CListView.php(209): CAssetManager->publish('/var/www/yii13/...')
#3 /var/www/yii13/framework/web/CBaseController.php(147): CListView->init()
#4 /var/www/yii13/framework/web/CBaseController.php(172): CBaseController->createWidget('zii.widgets.CLi...', Array)
#5 /var/www/pos-project/source/protected/modules/quanlysanpham/views/sanphamban/index.php(19): CBaseController->widget('zii.widgets.CLi...', Array)
#6 /var/www/yii13/framework/web/CBaseController.php(126): require('/var/www/pos-pr...')
#7 /var/www/yii13/framework/web/CBaseController.php(95): CBaseController->renderInternal('/var/www/pos-pr...', Array, true)
#8 /var/www/yii13/framework/web/CController.php(869): CBaseController->renderFile('/var/www/pos-pr...', Array, true)
#9 /var/www/yii13/framework/web/CController.php(782): CController->renderPartial('index', Array, true)
#10 /var/www/pos-project/source/protected/modules/quanlysanpham/controllers/SanphambanController.php(75): CController->render('index', Array)
#11 /var/www/yii13/framework/web/actions/CInlineAction.php(49): SanphambanController->actionIndex()
#12 /var/www/yii13/framework/web/CController.php(308): CInlineAction->runWithParams(Array)
#13 /var/www/yii13/framework/web/CController.php(286): CController->runAction(Object(CInlineAction))
#14 /var/www/yii13/framework/web/CController.php(265): CController->runActionWithFilters(Object(CInlineAction), Array)
#15 /var/www/yii13/framework/web/CWebApplication.php(282): CController->run('')
#16 /var/www/yii13/framework/web/CWebApplication.php(141): CWebApplication->runController('quanlysanpham/S...')
#17 /var/www/yii13/framework/base/CApplication.php(169): CWebApplication->processRequest()
#18 /var/www/pos-project/source/index.php(13): CApplication->run()
#19 {main}
REQUEST_URI=/pos-project/source/index.php?r=quanlysanpham/Sanphamban
---
